
*********************************************************
This was run on:
Wed Feb 20 06:00:17 CST 2019
*********************************************************

*********************************************************
Running python train_model.py
JOB 69519 is running on gpu4 
*********************************************************


Reading info from configuration:

Runnning in training setting!

NUM_TRAINING: 2637
NUM_VALIDATION: 246
NUM_EPOCHS: 120
BATCH_SIZE: 2
IMAGE_WIDTH: 320
IMAGE_HEIGHT: 320
IMAGE_DEPTH: 1
CLASS_NAMES: ['Background', 'Beam', 'Not-Beam']
FEATURE_FILE_TRAINING: /data/arbint/input_files/training/feature.csv
LABEL_FILE_TRAINING: /data/arbint/input_files/training/label.csv
FEATURE_FILE_VALIDATION: /data/arbint/input_files/validation/feature.csv
LABEL_FILE_VALIDATION: /data/arbint/input_files/validation/label.csv
WEIGHTS: [1. 1. 1.]

Decay rate is set to 8.333333333333334e-09.
Epoch 1/120
 - 588s - loss: 0.9826 - acc: 0.5013 - mean_iou: 0.2130 - val_loss: 0.8691 - val_acc: 0.8360 - val_mean_iou: 0.4109

Epoch 00001: val_loss improved from inf to 0.86912, saving model to saved_models/model_and_weights.hdf5
Epoch 2/120
 - 536s - loss: 0.8521 - acc: 0.7689 - mean_iou: 0.3735 - val_loss: 0.7820 - val_acc: 0.9530 - val_mean_iou: 0.5549

Epoch 00002: val_loss improved from 0.86912 to 0.78196, saving model to saved_models/model_and_weights.hdf5
Epoch 3/120
 - 538s - loss: 0.7661 - acc: 0.9167 - mean_iou: 0.5050 - val_loss: 0.7166 - val_acc: 0.9824 - val_mean_iou: 0.6357

Epoch 00003: val_loss improved from 0.78196 to 0.71661, saving model to saved_models/model_and_weights.hdf5
Epoch 4/120
 - 539s - loss: 0.7013 - acc: 0.9600 - mean_iou: 0.5761 - val_loss: 0.6648 - val_acc: 0.9909 - val_mean_iou: 0.6848

Epoch 00004: val_loss improved from 0.71661 to 0.66476, saving model to saved_models/model_and_weights.hdf5
Epoch 5/120
 - 539s - loss: 0.6496 - acc: 0.9771 - mean_iou: 0.6229 - val_loss: 0.6211 - val_acc: 0.9933 - val_mean_iou: 0.7133

Epoch 00005: val_loss improved from 0.66476 to 0.62114, saving model to saved_models/model_and_weights.hdf5
Epoch 6/120
 - 534s - loss: 0.6060 - acc: 0.9845 - mean_iou: 0.6564 - val_loss: 0.5823 - val_acc: 0.9941 - val_mean_iou: 0.7318

Epoch 00006: val_loss improved from 0.62114 to 0.58231, saving model to saved_models/model_and_weights.hdf5
Epoch 7/120
 - 539s - loss: 0.5676 - acc: 0.9879 - mean_iou: 0.6805 - val_loss: 0.5468 - val_acc: 0.9945 - val_mean_iou: 0.7446

Epoch 00007: val_loss improved from 0.58231 to 0.54679, saving model to saved_models/model_and_weights.hdf5
Epoch 8/120
 - 539s - loss: 0.5327 - acc: 0.9898 - mean_iou: 0.6981 - val_loss: 0.5139 - val_acc: 0.9947 - val_mean_iou: 0.7536

Epoch 00008: val_loss improved from 0.54679 to 0.51388, saving model to saved_models/model_and_weights.hdf5
Epoch 9/120
 - 539s - loss: 0.5005 - acc: 0.9909 - mean_iou: 0.7109 - val_loss: 0.4832 - val_acc: 0.9949 - val_mean_iou: 0.7594

Epoch 00009: val_loss improved from 0.51388 to 0.48324, saving model to saved_models/model_and_weights.hdf5
Epoch 10/120
 - 538s - loss: 0.4706 - acc: 0.9916 - mean_iou: 0.7209 - val_loss: 0.4547 - val_acc: 0.9950 - val_mean_iou: 0.7632

Epoch 00010: val_loss improved from 0.48324 to 0.45473, saving model to saved_models/model_and_weights.hdf5
Epoch 11/120
 - 540s - loss: 0.4429 - acc: 0.9921 - mean_iou: 0.7290 - val_loss: 0.4282 - val_acc: 0.9951 - val_mean_iou: 0.7660

Epoch 00011: val_loss improved from 0.45473 to 0.42819, saving model to saved_models/model_and_weights.hdf5
Epoch 12/120
 - 540s - loss: 0.4171 - acc: 0.9925 - mean_iou: 0.7370 - val_loss: 0.4036 - val_acc: 0.9952 - val_mean_iou: 0.7682

Epoch 00012: val_loss improved from 0.42819 to 0.40360, saving model to saved_models/model_and_weights.hdf5
Epoch 13/120
 - 540s - loss: 0.3933 - acc: 0.9930 - mean_iou: 0.7491 - val_loss: 0.3810 - val_acc: 0.9954 - val_mean_iou: 0.7780

Epoch 00013: val_loss improved from 0.40360 to 0.38097, saving model to saved_models/model_and_weights.hdf5
Epoch 14/120
 - 538s - loss: 0.3717 - acc: 0.9936 - mean_iou: 0.7717 - val_loss: 0.3606 - val_acc: 0.9960 - val_mean_iou: 0.8205

Epoch 00014: val_loss improved from 0.38097 to 0.36062, saving model to saved_models/model_and_weights.hdf5
Epoch 15/120
 - 539s - loss: 0.3525 - acc: 0.9941 - mean_iou: 0.7897 - val_loss: 0.3425 - val_acc: 0.9963 - val_mean_iou: 0.8424

Epoch 00015: val_loss improved from 0.36062 to 0.34252, saving model to saved_models/model_and_weights.hdf5
Epoch 16/120
 - 538s - loss: 0.3352 - acc: 0.9945 - mean_iou: 0.8036 - val_loss: 0.3261 - val_acc: 0.9966 - val_mean_iou: 0.8532

Epoch 00016: val_loss improved from 0.34252 to 0.32611, saving model to saved_models/model_and_weights.hdf5
Epoch 17/120
 - 534s - loss: 0.3193 - acc: 0.9948 - mean_iou: 0.8129 - val_loss: 0.3109 - val_acc: 0.9967 - val_mean_iou: 0.8589

Epoch 00017: val_loss improved from 0.32611 to 0.31092, saving model to saved_models/model_and_weights.hdf5
Epoch 18/120
 - 539s - loss: 0.3045 - acc: 0.9950 - mean_iou: 0.8200 - val_loss: 0.2966 - val_acc: 0.9968 - val_mean_iou: 0.8639

Epoch 00018: val_loss improved from 0.31092 to 0.29663, saving model to saved_models/model_and_weights.hdf5
Epoch 19/120
 - 539s - loss: 0.2905 - acc: 0.9952 - mean_iou: 0.8259 - val_loss: 0.2831 - val_acc: 0.9968 - val_mean_iou: 0.8682

Epoch 00019: val_loss improved from 0.29663 to 0.28312, saving model to saved_models/model_and_weights.hdf5
Epoch 20/120
 - 534s - loss: 0.2773 - acc: 0.9954 - mean_iou: 0.8316 - val_loss: 0.2703 - val_acc: 0.9969 - val_mean_iou: 0.8715

Epoch 00020: val_loss improved from 0.28312 to 0.27026, saving model to saved_models/model_and_weights.hdf5
Epoch 21/120
 - 537s - loss: 0.2647 - acc: 0.9955 - mean_iou: 0.8366 - val_loss: 0.2580 - val_acc: 0.9970 - val_mean_iou: 0.8753

Epoch 00021: val_loss improved from 0.27026 to 0.25803, saving model to saved_models/model_and_weights.hdf5
Epoch 22/120
 - 530s - loss: 0.2527 - acc: 0.9957 - mean_iou: 0.8413 - val_loss: 0.2463 - val_acc: 0.9971 - val_mean_iou: 0.8779

Epoch 00022: val_loss improved from 0.25803 to 0.24633, saving model to saved_models/model_and_weights.hdf5
Epoch 23/120
 - 528s - loss: 0.2413 - acc: 0.9958 - mean_iou: 0.8447 - val_loss: 0.2352 - val_acc: 0.9971 - val_mean_iou: 0.8803

Epoch 00023: val_loss improved from 0.24633 to 0.23518, saving model to saved_models/model_and_weights.hdf5
Epoch 24/120
 - 527s - loss: 0.2303 - acc: 0.9959 - mean_iou: 0.8481 - val_loss: 0.2245 - val_acc: 0.9972 - val_mean_iou: 0.8821

Epoch 00024: val_loss improved from 0.23518 to 0.22454, saving model to saved_models/model_and_weights.hdf5
Epoch 25/120
 - 528s - loss: 0.2199 - acc: 0.9960 - mean_iou: 0.8513 - val_loss: 0.2144 - val_acc: 0.9972 - val_mean_iou: 0.8837

Epoch 00025: val_loss improved from 0.22454 to 0.21436, saving model to saved_models/model_and_weights.hdf5
Epoch 26/120
 - 529s - loss: 0.2099 - acc: 0.9961 - mean_iou: 0.8542 - val_loss: 0.2046 - val_acc: 0.9972 - val_mean_iou: 0.8850

Epoch 00026: val_loss improved from 0.21436 to 0.20463, saving model to saved_models/model_and_weights.hdf5
Epoch 27/120
 - 524s - loss: 0.2004 - acc: 0.9962 - mean_iou: 0.8566 - val_loss: 0.1953 - val_acc: 0.9973 - val_mean_iou: 0.8862

Epoch 00027: val_loss improved from 0.20463 to 0.19530, saving model to saved_models/model_and_weights.hdf5
Epoch 28/120
 - 527s - loss: 0.1912 - acc: 0.9962 - mean_iou: 0.8596 - val_loss: 0.1864 - val_acc: 0.9973 - val_mean_iou: 0.8878

Epoch 00028: val_loss improved from 0.19530 to 0.18637, saving model to saved_models/model_and_weights.hdf5
Epoch 29/120
 - 527s - loss: 0.1825 - acc: 0.9963 - mean_iou: 0.8620 - val_loss: 0.1779 - val_acc: 0.9973 - val_mean_iou: 0.8887

Epoch 00029: val_loss improved from 0.18637 to 0.17786, saving model to saved_models/model_and_weights.hdf5
Epoch 30/120
 - 528s - loss: 0.1741 - acc: 0.9964 - mean_iou: 0.8644 - val_loss: 0.1697 - val_acc: 0.9974 - val_mean_iou: 0.8899

Epoch 00030: val_loss improved from 0.17786 to 0.16966, saving model to saved_models/model_and_weights.hdf5
Epoch 31/120
 - 528s - loss: 0.1661 - acc: 0.9965 - mean_iou: 0.8673 - val_loss: 0.1618 - val_acc: 0.9974 - val_mean_iou: 0.8918

Epoch 00031: val_loss improved from 0.16966 to 0.16184, saving model to saved_models/model_and_weights.hdf5
Epoch 32/120
 - 524s - loss: 0.1585 - acc: 0.9965 - mean_iou: 0.8693 - val_loss: 0.1544 - val_acc: 0.9974 - val_mean_iou: 0.8929

Epoch 00032: val_loss improved from 0.16184 to 0.15438, saving model to saved_models/model_and_weights.hdf5
Epoch 33/120
 - 524s - loss: 0.1512 - acc: 0.9966 - mean_iou: 0.8716 - val_loss: 0.1473 - val_acc: 0.9975 - val_mean_iou: 0.8936

Epoch 00033: val_loss improved from 0.15438 to 0.14728, saving model to saved_models/model_and_weights.hdf5
Epoch 34/120
 - 528s - loss: 0.1442 - acc: 0.9967 - mean_iou: 0.8739 - val_loss: 0.1405 - val_acc: 0.9975 - val_mean_iou: 0.8951

Epoch 00034: val_loss improved from 0.14728 to 0.14052, saving model to saved_models/model_and_weights.hdf5
Epoch 35/120
 - 527s - loss: 0.1376 - acc: 0.9967 - mean_iou: 0.8767 - val_loss: 0.1341 - val_acc: 0.9975 - val_mean_iou: 0.8960

Epoch 00035: val_loss improved from 0.14052 to 0.13407, saving model to saved_models/model_and_weights.hdf5
Epoch 36/120
 - 527s - loss: 0.1313 - acc: 0.9968 - mean_iou: 0.8789 - val_loss: 0.1280 - val_acc: 0.9975 - val_mean_iou: 0.8982

Epoch 00036: val_loss improved from 0.13407 to 0.12796, saving model to saved_models/model_and_weights.hdf5
Epoch 37/120
 - 527s - loss: 0.1254 - acc: 0.9969 - mean_iou: 0.8811 - val_loss: 0.1222 - val_acc: 0.9976 - val_mean_iou: 0.9009

Epoch 00037: val_loss improved from 0.12796 to 0.12217, saving model to saved_models/model_and_weights.hdf5
Epoch 38/120
 - 524s - loss: 0.1197 - acc: 0.9969 - mean_iou: 0.8839 - val_loss: 0.1166 - val_acc: 0.9976 - val_mean_iou: 0.9042

Epoch 00038: val_loss improved from 0.12217 to 0.11664, saving model to saved_models/model_and_weights.hdf5
Epoch 39/120
 - 528s - loss: 0.1143 - acc: 0.9970 - mean_iou: 0.8865 - val_loss: 0.1114 - val_acc: 0.9977 - val_mean_iou: 0.9058

Epoch 00039: val_loss improved from 0.11664 to 0.11139, saving model to saved_models/model_and_weights.hdf5
Epoch 40/120
 - 524s - loss: 0.1092 - acc: 0.9970 - mean_iou: 0.8887 - val_loss: 0.1064 - val_acc: 0.9977 - val_mean_iou: 0.9081

Epoch 00040: val_loss improved from 0.11139 to 0.10638, saving model to saved_models/model_and_weights.hdf5
Epoch 41/120
 - 524s - loss: 0.1043 - acc: 0.9971 - mean_iou: 0.8911 - val_loss: 0.1016 - val_acc: 0.9977 - val_mean_iou: 0.9084

Epoch 00041: val_loss improved from 0.10638 to 0.10163, saving model to saved_models/model_and_weights.hdf5
Epoch 42/120
 - 527s - loss: 0.0996 - acc: 0.9972 - mean_iou: 0.8932 - val_loss: 0.0971 - val_acc: 0.9977 - val_mean_iou: 0.9078

Epoch 00042: val_loss improved from 0.10163 to 0.09707, saving model to saved_models/model_and_weights.hdf5
Epoch 43/120
 - 528s - loss: 0.0951 - acc: 0.9972 - mean_iou: 0.8953 - val_loss: 0.0927 - val_acc: 0.9977 - val_mean_iou: 0.9071

Epoch 00043: val_loss improved from 0.09707 to 0.09274, saving model to saved_models/model_and_weights.hdf5
Epoch 44/120
 - 527s - loss: 0.0909 - acc: 0.9973 - mean_iou: 0.8970 - val_loss: 0.0886 - val_acc: 0.9976 - val_mean_iou: 0.8964

Epoch 00044: val_loss improved from 0.09274 to 0.08863, saving model to saved_models/model_and_weights.hdf5
Epoch 45/120
 - 528s - loss: 0.0869 - acc: 0.9973 - mean_iou: 0.8990 - val_loss: 0.0847 - val_acc: 0.9978 - val_mean_iou: 0.9087

Epoch 00045: val_loss improved from 0.08863 to 0.08467, saving model to saved_models/model_and_weights.hdf5
Epoch 46/120
 - 527s - loss: 0.0830 - acc: 0.9973 - mean_iou: 0.9003 - val_loss: 0.0809 - val_acc: 0.9979 - val_mean_iou: 0.9122

Epoch 00046: val_loss improved from 0.08467 to 0.08089, saving model to saved_models/model_and_weights.hdf5
Epoch 47/120
 - 527s - loss: 0.0793 - acc: 0.9974 - mean_iou: 0.9020 - val_loss: 0.0773 - val_acc: 0.9979 - val_mean_iou: 0.9108

Epoch 00047: val_loss improved from 0.08089 to 0.07730, saving model to saved_models/model_and_weights.hdf5
Epoch 48/120
 - 527s - loss: 0.0758 - acc: 0.9974 - mean_iou: 0.9033 - val_loss: 0.0739 - val_acc: 0.9978 - val_mean_iou: 0.9073

Epoch 00048: val_loss improved from 0.07730 to 0.07390, saving model to saved_models/model_and_weights.hdf5
Epoch 49/120
 - 524s - loss: 0.0724 - acc: 0.9975 - mean_iou: 0.9052 - val_loss: 0.0706 - val_acc: 0.9979 - val_mean_iou: 0.9131

Epoch 00049: val_loss improved from 0.07390 to 0.07060, saving model to saved_models/model_and_weights.hdf5
Epoch 50/120
 - 527s - loss: 0.0692 - acc: 0.9975 - mean_iou: 0.9060 - val_loss: 0.0675 - val_acc: 0.9979 - val_mean_iou: 0.9075

Epoch 00050: val_loss improved from 0.07060 to 0.06754, saving model to saved_models/model_and_weights.hdf5
Epoch 51/120
 - 528s - loss: 0.0662 - acc: 0.9975 - mean_iou: 0.9076 - val_loss: 0.0646 - val_acc: 0.9978 - val_mean_iou: 0.9045

Epoch 00051: val_loss improved from 0.06754 to 0.06460, saving model to saved_models/model_and_weights.hdf5
Epoch 52/120
 - 527s - loss: 0.0633 - acc: 0.9976 - mean_iou: 0.9083 - val_loss: 0.0618 - val_acc: 0.9979 - val_mean_iou: 0.9088

Epoch 00052: val_loss improved from 0.06460 to 0.06179, saving model to saved_models/model_and_weights.hdf5
Epoch 53/120
 - 528s - loss: 0.0606 - acc: 0.9976 - mean_iou: 0.9096 - val_loss: 0.0592 - val_acc: 0.9978 - val_mean_iou: 0.9014

Epoch 00053: val_loss improved from 0.06179 to 0.05915, saving model to saved_models/model_and_weights.hdf5
Epoch 54/120
 - 528s - loss: 0.0580 - acc: 0.9976 - mean_iou: 0.9111 - val_loss: 0.0566 - val_acc: 0.9979 - val_mean_iou: 0.9087

Epoch 00054: val_loss improved from 0.05915 to 0.05655, saving model to saved_models/model_and_weights.hdf5
Epoch 55/120
 - 528s - loss: 0.0555 - acc: 0.9977 - mean_iou: 0.9123 - val_loss: 0.0541 - val_acc: 0.9979 - val_mean_iou: 0.9088

Epoch 00055: val_loss improved from 0.05655 to 0.05414, saving model to saved_models/model_and_weights.hdf5
Epoch 56/120
 - 528s - loss: 0.0531 - acc: 0.9977 - mean_iou: 0.9129 - val_loss: 0.0518 - val_acc: 0.9980 - val_mean_iou: 0.9104

Epoch 00056: val_loss improved from 0.05414 to 0.05182, saving model to saved_models/model_and_weights.hdf5
Epoch 57/120
 - 528s - loss: 0.0508 - acc: 0.9977 - mean_iou: 0.9140 - val_loss: 0.0496 - val_acc: 0.9980 - val_mean_iou: 0.9118

Epoch 00057: val_loss improved from 0.05182 to 0.04961, saving model to saved_models/model_and_weights.hdf5
Epoch 58/120
 - 526s - loss: 0.0487 - acc: 0.9978 - mean_iou: 0.9151 - val_loss: 0.0475 - val_acc: 0.9980 - val_mean_iou: 0.9101

Epoch 00058: val_loss improved from 0.04961 to 0.04753, saving model to saved_models/model_and_weights.hdf5
Epoch 59/120
 - 528s - loss: 0.0466 - acc: 0.9978 - mean_iou: 0.9161 - val_loss: 0.0455 - val_acc: 0.9982 - val_mean_iou: 0.9232

Epoch 00059: val_loss improved from 0.04753 to 0.04546, saving model to saved_models/model_and_weights.hdf5
Epoch 60/120
 - 528s - loss: 0.0447 - acc: 0.9978 - mean_iou: 0.9166 - val_loss: 0.0436 - val_acc: 0.9982 - val_mean_iou: 0.9236

Epoch 00060: val_loss improved from 0.04546 to 0.04361, saving model to saved_models/model_and_weights.hdf5
Epoch 61/120
 - 528s - loss: 0.0428 - acc: 0.9978 - mean_iou: 0.9174 - val_loss: 0.0418 - val_acc: 0.9982 - val_mean_iou: 0.9226

Epoch 00061: val_loss improved from 0.04361 to 0.04181, saving model to saved_models/model_and_weights.hdf5
Epoch 62/120
 - 528s - loss: 0.0411 - acc: 0.9979 - mean_iou: 0.9185 - val_loss: 0.0401 - val_acc: 0.9982 - val_mean_iou: 0.9238

Epoch 00062: val_loss improved from 0.04181 to 0.04013, saving model to saved_models/model_and_weights.hdf5
Epoch 63/120
 - 525s - loss: 0.0395 - acc: 0.9979 - mean_iou: 0.9188 - val_loss: 0.0385 - val_acc: 0.9982 - val_mean_iou: 0.9224

Epoch 00063: val_loss improved from 0.04013 to 0.03851, saving model to saved_models/model_and_weights.hdf5
Epoch 64/120
 - 528s - loss: 0.0379 - acc: 0.9979 - mean_iou: 0.9201 - val_loss: 0.0370 - val_acc: 0.9981 - val_mean_iou: 0.9159

Epoch 00064: val_loss improved from 0.03851 to 0.03700, saving model to saved_models/model_and_weights.hdf5
Epoch 65/120
 - 530s - loss: 0.0364 - acc: 0.9979 - mean_iou: 0.9207 - val_loss: 0.0355 - val_acc: 0.9982 - val_mean_iou: 0.9209

Epoch 00065: val_loss improved from 0.03700 to 0.03554, saving model to saved_models/model_and_weights.hdf5
Epoch 66/120
 - 531s - loss: 0.0349 - acc: 0.9980 - mean_iou: 0.9214 - val_loss: 0.0342 - val_acc: 0.9982 - val_mean_iou: 0.9189

Epoch 00066: val_loss improved from 0.03554 to 0.03418, saving model to saved_models/model_and_weights.hdf5
Epoch 67/120
 - 530s - loss: 0.0336 - acc: 0.9980 - mean_iou: 0.9223 - val_loss: 0.0328 - val_acc: 0.9983 - val_mean_iou: 0.9229

Epoch 00067: val_loss improved from 0.03418 to 0.03281, saving model to saved_models/model_and_weights.hdf5
Epoch 68/120
 - 530s - loss: 0.0323 - acc: 0.9980 - mean_iou: 0.9229 - val_loss: 0.0315 - val_acc: 0.9983 - val_mean_iou: 0.9287

Epoch 00068: val_loss improved from 0.03281 to 0.03152, saving model to saved_models/model_and_weights.hdf5
Epoch 69/120
 - 528s - loss: 0.0310 - acc: 0.9980 - mean_iou: 0.9238 - val_loss: 0.0304 - val_acc: 0.9982 - val_mean_iou: 0.9163

Epoch 00069: val_loss improved from 0.03152 to 0.03036, saving model to saved_models/model_and_weights.hdf5
Epoch 70/120
 - 528s - loss: 0.0299 - acc: 0.9981 - mean_iou: 0.9243 - val_loss: 0.0293 - val_acc: 0.9981 - val_mean_iou: 0.9096

Epoch 00070: val_loss improved from 0.03036 to 0.02929, saving model to saved_models/model_and_weights.hdf5
Epoch 71/120
 - 530s - loss: 0.0288 - acc: 0.9981 - mean_iou: 0.9247 - val_loss: 0.0282 - val_acc: 0.9983 - val_mean_iou: 0.9245

Epoch 00071: val_loss improved from 0.02929 to 0.02815, saving model to saved_models/model_and_weights.hdf5
Epoch 72/120
 - 531s - loss: 0.0277 - acc: 0.9981 - mean_iou: 0.9259 - val_loss: 0.0271 - val_acc: 0.9983 - val_mean_iou: 0.9251

Epoch 00072: val_loss improved from 0.02815 to 0.02711, saving model to saved_models/model_and_weights.hdf5
Epoch 73/120
 - 532s - loss: 0.0267 - acc: 0.9981 - mean_iou: 0.9264 - val_loss: 0.0262 - val_acc: 0.9982 - val_mean_iou: 0.9173

Epoch 00073: val_loss improved from 0.02711 to 0.02618, saving model to saved_models/model_and_weights.hdf5
Epoch 74/120
 - 532s - loss: 0.0258 - acc: 0.9981 - mean_iou: 0.9266 - val_loss: 0.0252 - val_acc: 0.9983 - val_mean_iou: 0.9205

Epoch 00074: val_loss improved from 0.02618 to 0.02524, saving model to saved_models/model_and_weights.hdf5
Epoch 75/120
 - 533s - loss: 0.0248 - acc: 0.9982 - mean_iou: 0.9278 - val_loss: 0.0244 - val_acc: 0.9982 - val_mean_iou: 0.9147

Epoch 00075: val_loss improved from 0.02524 to 0.02442, saving model to saved_models/model_and_weights.hdf5
Epoch 76/120
 - 532s - loss: 0.0240 - acc: 0.9982 - mean_iou: 0.9281 - val_loss: 0.0236 - val_acc: 0.9983 - val_mean_iou: 0.9171

Epoch 00076: val_loss improved from 0.02442 to 0.02357, saving model to saved_models/model_and_weights.hdf5
Epoch 77/120
 - 532s - loss: 0.0232 - acc: 0.9982 - mean_iou: 0.9291 - val_loss: 0.0230 - val_acc: 0.9979 - val_mean_iou: 0.8877

Epoch 00077: val_loss improved from 0.02357 to 0.02302, saving model to saved_models/model_and_weights.hdf5
Epoch 78/120
 - 532s - loss: 0.0224 - acc: 0.9982 - mean_iou: 0.9296 - val_loss: 0.0221 - val_acc: 0.9982 - val_mean_iou: 0.9076

Epoch 00078: val_loss improved from 0.02302 to 0.02209, saving model to saved_models/model_and_weights.hdf5
Epoch 79/120
 - 532s - loss: 0.0216 - acc: 0.9983 - mean_iou: 0.9301 - val_loss: 0.0212 - val_acc: 0.9984 - val_mean_iou: 0.9253

Epoch 00079: val_loss improved from 0.02209 to 0.02118, saving model to saved_models/model_and_weights.hdf5
Epoch 80/120
 - 533s - loss: 0.0209 - acc: 0.9983 - mean_iou: 0.9308 - val_loss: 0.0205 - val_acc: 0.9985 - val_mean_iou: 0.9270

Epoch 00080: val_loss improved from 0.02118 to 0.02046, saving model to saved_models/model_and_weights.hdf5
Epoch 81/120
 - 529s - loss: 0.0202 - acc: 0.9983 - mean_iou: 0.9316 - val_loss: 0.0198 - val_acc: 0.9984 - val_mean_iou: 0.9215

Epoch 00081: val_loss improved from 0.02046 to 0.01983, saving model to saved_models/model_and_weights.hdf5
Epoch 82/120
 - 532s - loss: 0.0195 - acc: 0.9983 - mean_iou: 0.9321 - val_loss: 0.0193 - val_acc: 0.9983 - val_mean_iou: 0.9135

Epoch 00082: val_loss improved from 0.01983 to 0.01927, saving model to saved_models/model_and_weights.hdf5
Epoch 83/120
 - 532s - loss: 0.0189 - acc: 0.9983 - mean_iou: 0.9329 - val_loss: 0.0186 - val_acc: 0.9983 - val_mean_iou: 0.9145

Epoch 00083: val_loss improved from 0.01927 to 0.01864, saving model to saved_models/model_and_weights.hdf5
Epoch 84/120
 - 532s - loss: 0.0183 - acc: 0.9984 - mean_iou: 0.9332 - val_loss: 0.0180 - val_acc: 0.9984 - val_mean_iou: 0.9180

Epoch 00084: val_loss improved from 0.01864 to 0.01800, saving model to saved_models/model_and_weights.hdf5
Epoch 85/120
 - 531s - loss: 0.0177 - acc: 0.9984 - mean_iou: 0.9336 - val_loss: 0.0175 - val_acc: 0.9983 - val_mean_iou: 0.9104

Epoch 00085: val_loss improved from 0.01800 to 0.01749, saving model to saved_models/model_and_weights.hdf5
Epoch 86/120
 - 530s - loss: 0.0171 - acc: 0.9984 - mean_iou: 0.9346 - val_loss: 0.0170 - val_acc: 0.9983 - val_mean_iou: 0.9077

Epoch 00086: val_loss improved from 0.01749 to 0.01700, saving model to saved_models/model_and_weights.hdf5
Epoch 87/120
 - 527s - loss: 0.0166 - acc: 0.9984 - mean_iou: 0.9350 - val_loss: 0.0169 - val_acc: 0.9976 - val_mean_iou: 0.8601

Epoch 00087: val_loss improved from 0.01700 to 0.01691, saving model to saved_models/model_and_weights.hdf5
Epoch 88/120
 - 530s - loss: 0.0161 - acc: 0.9984 - mean_iou: 0.9355 - val_loss: 0.0158 - val_acc: 0.9987 - val_mean_iou: 0.9378

Epoch 00088: val_loss improved from 0.01691 to 0.01579, saving model to saved_models/model_and_weights.hdf5
Epoch 89/120
 - 530s - loss: 0.0156 - acc: 0.9984 - mean_iou: 0.9360 - val_loss: 0.0155 - val_acc: 0.9983 - val_mean_iou: 0.9074

Epoch 00089: val_loss improved from 0.01579 to 0.01554, saving model to saved_models/model_and_weights.hdf5
Epoch 90/120
 - 531s - loss: 0.0152 - acc: 0.9985 - mean_iou: 0.9367 - val_loss: 0.0150 - val_acc: 0.9986 - val_mean_iou: 0.9278

Epoch 00090: val_loss improved from 0.01554 to 0.01496, saving model to saved_models/model_and_weights.hdf5
Epoch 91/120
 - 527s - loss: 0.0147 - acc: 0.9985 - mean_iou: 0.9370 - val_loss: 0.0147 - val_acc: 0.9984 - val_mean_iou: 0.9135

Epoch 00091: val_loss improved from 0.01496 to 0.01466, saving model to saved_models/model_and_weights.hdf5
Epoch 92/120
 - 530s - loss: 0.0143 - acc: 0.9985 - mean_iou: 0.9378 - val_loss: 0.0141 - val_acc: 0.9987 - val_mean_iou: 0.9323

Epoch 00092: val_loss improved from 0.01466 to 0.01409, saving model to saved_models/model_and_weights.hdf5
Epoch 93/120
 - 530s - loss: 0.0139 - acc: 0.9985 - mean_iou: 0.9379 - val_loss: 0.0137 - val_acc: 0.9987 - val_mean_iou: 0.9320

Epoch 00093: val_loss improved from 0.01409 to 0.01371, saving model to saved_models/model_and_weights.hdf5
Epoch 94/120
 - 530s - loss: 0.0135 - acc: 0.9985 - mean_iou: 0.9386 - val_loss: 0.0135 - val_acc: 0.9985 - val_mean_iou: 0.9177

Epoch 00094: val_loss improved from 0.01371 to 0.01345, saving model to saved_models/model_and_weights.hdf5
Epoch 95/120
 - 530s - loss: 0.0132 - acc: 0.9986 - mean_iou: 0.9389 - val_loss: 0.0131 - val_acc: 0.9984 - val_mean_iou: 0.9135

Epoch 00095: val_loss improved from 0.01345 to 0.01312, saving model to saved_models/model_and_weights.hdf5
Epoch 96/120
 - 527s - loss: 0.0128 - acc: 0.9986 - mean_iou: 0.9397 - val_loss: 0.0129 - val_acc: 0.9982 - val_mean_iou: 0.8993

Epoch 00096: val_loss improved from 0.01312 to 0.01285, saving model to saved_models/model_and_weights.hdf5
Epoch 97/120
 - 530s - loss: 0.0125 - acc: 0.9986 - mean_iou: 0.9401 - val_loss: 0.0125 - val_acc: 0.9984 - val_mean_iou: 0.9079

Epoch 00097: val_loss improved from 0.01285 to 0.01251, saving model to saved_models/model_and_weights.hdf5
Epoch 98/120
 - 530s - loss: 0.0122 - acc: 0.9986 - mean_iou: 0.9403 - val_loss: 0.0122 - val_acc: 0.9983 - val_mean_iou: 0.9010

Epoch 00098: val_loss improved from 0.01251 to 0.01220, saving model to saved_models/model_and_weights.hdf5
Epoch 99/120
 - 530s - loss: 0.0119 - acc: 0.9986 - mean_iou: 0.9409 - val_loss: 0.0123 - val_acc: 0.9975 - val_mean_iou: 0.8479

Epoch 00099: val_loss did not improve from 0.01220
Epoch 100/120
 - 531s - loss: 0.0116 - acc: 0.9986 - mean_iou: 0.9414 - val_loss: 0.0115 - val_acc: 0.9986 - val_mean_iou: 0.9195

Epoch 00100: val_loss improved from 0.01220 to 0.01151, saving model to saved_models/model_and_weights.hdf5
Epoch 101/120
 - 527s - loss: 0.0113 - acc: 0.9986 - mean_iou: 0.9417 - val_loss: 0.0113 - val_acc: 0.9985 - val_mean_iou: 0.9149

Epoch 00101: val_loss improved from 0.01151 to 0.01130, saving model to saved_models/model_and_weights.hdf5
Epoch 102/120
 - 530s - loss: 0.0110 - acc: 0.9987 - mean_iou: 0.9420 - val_loss: 0.0123 - val_acc: 0.9966 - val_mean_iou: 0.7818

Epoch 00102: val_loss did not improve from 0.01130
Epoch 103/120
 - 531s - loss: 0.0108 - acc: 0.9987 - mean_iou: 0.9424 - val_loss: 0.0107 - val_acc: 0.9987 - val_mean_iou: 0.9304

Epoch 00103: val_loss improved from 0.01130 to 0.01066, saving model to saved_models/model_and_weights.hdf5
Epoch 104/120
 - 528s - loss: 0.0105 - acc: 0.9987 - mean_iou: 0.9427 - val_loss: 0.0105 - val_acc: 0.9986 - val_mean_iou: 0.9209

Epoch 00104: val_loss improved from 0.01066 to 0.01047, saving model to saved_models/model_and_weights.hdf5
Epoch 105/120
 - 528s - loss: 0.0103 - acc: 0.9987 - mean_iou: 0.9431 - val_loss: 0.0103 - val_acc: 0.9986 - val_mean_iou: 0.9186

Epoch 00105: val_loss improved from 0.01047 to 0.01030, saving model to saved_models/model_and_weights.hdf5
Epoch 106/120
 - 529s - loss: 0.0101 - acc: 0.9987 - mean_iou: 0.9434 - val_loss: 0.0100 - val_acc: 0.9988 - val_mean_iou: 0.9353

Epoch 00106: val_loss improved from 0.01030 to 0.00995, saving model to saved_models/model_and_weights.hdf5
Epoch 107/120
 - 529s - loss: 0.0098 - acc: 0.9987 - mean_iou: 0.9437 - val_loss: 0.0098 - val_acc: 0.9987 - val_mean_iou: 0.9245

Epoch 00107: val_loss improved from 0.00995 to 0.00982, saving model to saved_models/model_and_weights.hdf5
Epoch 108/120
 - 525s - loss: 0.0096 - acc: 0.9987 - mean_iou: 0.9442 - val_loss: 0.0098 - val_acc: 0.9984 - val_mean_iou: 0.9036

Epoch 00108: val_loss improved from 0.00982 to 0.00979, saving model to saved_models/model_and_weights.hdf5
Epoch 109/120
 - 529s - loss: 0.0094 - acc: 0.9987 - mean_iou: 0.9445 - val_loss: 0.0094 - val_acc: 0.9987 - val_mean_iou: 0.9249

Epoch 00109: val_loss improved from 0.00979 to 0.00943, saving model to saved_models/model_and_weights.hdf5
Epoch 110/120
 - 529s - loss: 0.0092 - acc: 0.9988 - mean_iou: 0.9447 - val_loss: 0.0092 - val_acc: 0.9988 - val_mean_iou: 0.9338

Epoch 00110: val_loss improved from 0.00943 to 0.00915, saving model to saved_models/model_and_weights.hdf5
Epoch 111/120
 - 529s - loss: 0.0091 - acc: 0.9988 - mean_iou: 0.9450 - val_loss: 0.0091 - val_acc: 0.9985 - val_mean_iou: 0.9144

Epoch 00111: val_loss improved from 0.00915 to 0.00911, saving model to saved_models/model_and_weights.hdf5
Epoch 112/120
 - 526s - loss: 0.0089 - acc: 0.9988 - mean_iou: 0.9454 - val_loss: 0.0089 - val_acc: 0.9986 - val_mean_iou: 0.9208

Epoch 00112: val_loss improved from 0.00911 to 0.00888, saving model to saved_models/model_and_weights.hdf5
Epoch 113/120
 - 529s - loss: 0.0087 - acc: 0.9988 - mean_iou: 0.9457 - val_loss: 0.0087 - val_acc: 0.9985 - val_mean_iou: 0.9133

Epoch 00113: val_loss improved from 0.00888 to 0.00873, saving model to saved_models/model_and_weights.hdf5
Epoch 114/120
 - 530s - loss: 0.0086 - acc: 0.9988 - mean_iou: 0.9456 - val_loss: 0.0086 - val_acc: 0.9987 - val_mean_iou: 0.9208

Epoch 00114: val_loss improved from 0.00873 to 0.00856, saving model to saved_models/model_and_weights.hdf5
Epoch 115/120
 - 530s - loss: 0.0084 - acc: 0.9988 - mean_iou: 0.9463 - val_loss: 0.0084 - val_acc: 0.9988 - val_mean_iou: 0.9291

Epoch 00115: val_loss improved from 0.00856 to 0.00838, saving model to saved_models/model_and_weights.hdf5
Epoch 116/120
 - 525s - loss: 0.0083 - acc: 0.9988 - mean_iou: 0.9461 - val_loss: 0.0082 - val_acc: 0.9989 - val_mean_iou: 0.9405

Epoch 00116: val_loss improved from 0.00838 to 0.00815, saving model to saved_models/model_and_weights.hdf5
Epoch 117/120
 - 525s - loss: 0.0081 - acc: 0.9988 - mean_iou: 0.9465 - val_loss: 0.0080 - val_acc: 0.9989 - val_mean_iou: 0.9411

Epoch 00117: val_loss improved from 0.00815 to 0.00801, saving model to saved_models/model_and_weights.hdf5
Epoch 118/120
 - 525s - loss: 0.0080 - acc: 0.9988 - mean_iou: 0.9467 - val_loss: 0.0079 - val_acc: 0.9989 - val_mean_iou: 0.9400

Epoch 00118: val_loss improved from 0.00801 to 0.00788, saving model to saved_models/model_and_weights.hdf5
Epoch 119/120
 - 525s - loss: 0.0078 - acc: 0.9988 - mean_iou: 0.9468 - val_loss: 0.0078 - val_acc: 0.9987 - val_mean_iou: 0.9272

Epoch 00119: val_loss improved from 0.00788 to 0.00782, saving model to saved_models/model_and_weights.hdf5
Epoch 120/120
 - 528s - loss: 0.0077 - acc: 0.9989 - mean_iou: 0.9476 - val_loss: 0.0078 - val_acc: 0.9985 - val_mean_iou: 0.9082

Epoch 00120: val_loss did not improve from 0.00782
*********************************************************
Running python analyze_model.py
JOB 69519 is running on gpu4 
*********************************************************


Running over 5 testing events to generate plots.

Reading info from configuration:
Running over 10 testing events to calculate statistics.

IMAGE_WIDTH: 320
IMAGE_HEIGHT: 320
IMAGE_DEPTH: 1
CLASS_NAMES: ['Background', 'Beam', 'Not-Beam']
FEATURE_FILE_TESTING: /data/arbint/input_files/testing/feature.csv
LABEL_FILE_TESTING: /data/arbint/input_files/testing/label.csv
WEIGHTS: [1. 1. 1.]


Number of validation samples IoU evaulated on: 10

IoU for Background is: 99.98%
IoU for Beam is: 84.12%
IoU for Not-Beam is: 98.32%

Mean IoU is: 94.14%

Test accuracy of the model is: 99.89%

Done!

*********************************************************
All done. Exiting
*********************************************************

